#
# There is insufficient memory for the Java Runtime Environment to continue.
# Native memory allocation (malloc) failed to allocate 1115216 bytes for Chunk::new
# Possible reasons:
#   The system is out of physical RAM or swap space
#   The process is running with CompressedOops enabled, and the Java Heap may be blocking the growth of the native heap
# Possible solutions:
#   Reduce memory load on the system
#   Increase physical memory or swap space
#   Check if swap backing store is full
#   Decrease Java heap size (-Xmx/-Xms)
#   Decrease number of Java threads
#   Decrease Java thread stack sizes (-Xss)
#   Set larger code cache with -XX:ReservedCodeCacheSize=
#   JVM is running with Unscaled Compressed Oops mode in which the Java heap is
#     placed in the first 4GB address space. The Java Heap base address is the
#     maximum limit for the native heap growth. Please use -XX:HeapBaseMinAddress
#     to set the Java Heap base and to place the Java Heap above 4GB virtual address.
# This output file may be truncated or incomplete.
#
#  Out of Memory Error (allocation.cpp:389), pid=9624, tid=0x00000000000025f0
#
# JRE version: Java(TM) SE Runtime Environment (8.0_221-b11) (build 1.8.0_221-b11)
# Java VM: Java HotSpot(TM) 64-Bit Server VM (25.221-b11 mixed mode windows-amd64 compressed oops)
# Failed to write core dump. Minidumps are not enabled by default on client versions of Windows
#

---------------  T H R E A D  ---------------

Current thread (0x0000000015670800):  JavaThread "C2 CompilerThread1" daemon [_thread_in_native, id=9712, stack(0x0000000016dc0000,0x0000000016ec0000)]

Stack: [0x0000000016dc0000,0x0000000016ec0000]
[error occurred during error reporting (printing stack bounds), id 0xc0000005]

Native frames: (J=compiled Java code, j=interpreted, Vv=VM code, C=native code)


Current CompileTask:
C2:  15981 3757       4       org.apache.maven.model.inheritance.DefaultInheritanceAssembler$InheritanceModelMerger::mergePluginContainer_Plugins (430 bytes)


---------------  P R O C E S S  ---------------

Java Threads: ( => current thread )
  0x0000000017109800 JavaThread "Thread-5" [_thread_in_native, id=3092, stack(0x000000001cbd0000,0x000000001ccd0000)]
  0x0000000017d80800 JavaThread "Thread-4" [_thread_in_native, id=9516, stack(0x000000001cad0000,0x000000001cbd0000)]
  0x0000000017d33000 JavaThread "Thread-3" [_thread_blocked, id=10728, stack(0x000000001c9d0000,0x000000001cad0000)]
  0x0000000018d8e000 JavaThread "ThreadedStreamConsumer" daemon [_thread_blocked, id=6996, stack(0x000000001c8d0000,0x000000001c9d0000)]
  0x000000001a0ce800 JavaThread "ping-timer-10s" daemon [_thread_blocked, id=1000, stack(0x000000001c7d0000,0x000000001c8d0000)]
  0x00000000173b6800 JavaThread "timeout-check-timer" daemon [_thread_blocked, id=7200, stack(0x000000001c6d0000,0x000000001c7d0000)]
  0x0000000017a73800 JavaThread "resolver-5" daemon [_thread_blocked, id=304, stack(0x000000001c5d0000,0x000000001c6d0000)]
  0x0000000017a0d000 JavaThread "resolver-4" daemon [_thread_blocked, id=6456, stack(0x000000001c4d0000,0x000000001c5d0000)]
  0x0000000019ff9800 JavaThread "resolver-3" daemon [_thread_blocked, id=5052, stack(0x000000001c3d0000,0x000000001c4d0000)]
  0x0000000017d92800 JavaThread "resolver-2" daemon [_thread_blocked, id=5336, stack(0x000000001c2d0000,0x000000001c3d0000)]
  0x0000000017ed1000 JavaThread "resolver-1" daemon [_thread_blocked, id=6872, stack(0x000000001c1d0000,0x000000001c2d0000)]
  0x0000000016ff0800 JavaThread "Service Thread" daemon [_thread_blocked, id=2656, stack(0x00000000173c0000,0x00000000174c0000)]
  0x000000001567d800 JavaThread "C1 CompilerThread2" daemon [_thread_blocked, id=10532, stack(0x0000000016ec0000,0x0000000016fc0000)]
=>0x0000000015670800 JavaThread "C2 CompilerThread1" daemon [_thread_in_native, id=9712, stack(0x0000000016dc0000,0x0000000016ec0000)]
  0x000000001566e000 JavaThread "C2 CompilerThread0" daemon [_thread_blocked, id=2984, stack(0x0000000016cc0000,0x0000000016dc0000)]
  0x000000001566b800 JavaThread "Attach Listener" daemon [_thread_blocked, id=10356, stack(0x0000000016bc0000,0x0000000016cc0000)]
  0x0000000015678800 JavaThread "Signal Dispatcher" daemon [_thread_blocked, id=10332, stack(0x0000000016ac0000,0x0000000016bc0000)]
  0x000000000303b000 JavaThread "Finalizer" daemon [_thread_blocked, id=7212, stack(0x00000000168d0000,0x00000000169d0000)]
  0x0000000003032000 JavaThread "Reference Handler" daemon [_thread_blocked, id=10540, stack(0x00000000167d0000,0x00000000168d0000)]
  0x0000000002e9e800 JavaThread "main" [_thread_in_native, id=6972, stack(0x0000000002d90000,0x0000000002e90000)]

Other Threads:
  0x0000000015637800 VMThread [stack: 0x00000000166d0000,0x00000000167d0000] [id=10808]
  0x00000000156cc000 WatcherThread [stack: 0x00000000174c0000,0x00000000175c0000] [id=6752]

VM state:not at safepoint (normal execution)

VM Mutex/Monitor currently owned by a thread: None

heap address: 0x00000000c1000000, size: 1008 MB, Compressed Oops mode: 32-bit
Narrow klass base: 0x0000000000000000, Narrow klass shift: 3
Compressed class space size: 1073741824 Address: 0x0000000100000000

Heap:
 PSYoungGen      total 68608K, used 34984K [0x00000000eb000000, 0x00000000f1680000, 0x0000000100000000)
  eden space 61952K, 45% used [0x00000000eb000000,0x00000000ecbaab60,0x00000000eec80000)
  from space 6656K, 99% used [0x00000000ef600000,0x00000000efc7f608,0x00000000efc80000)
  to   space 9728K, 0% used [0x00000000eec80000,0x00000000eec80000,0x00000000ef600000)
 ParOldGen       total 40448K, used 12844K [0x00000000c1000000, 0x00000000c3780000, 0x00000000eb000000)
  object space 40448K, 31% used [0x00000000c1000000,0x00000000c1c8b278,0x00000000c3780000)
 Metaspace       used 24273K, capacity 24736K, committed 25088K, reserved 1071104K
  class space    used 2843K, capacity 3001K, committed 3072K, reserved 1048576K

Card table byte_map: [0x0000000012400000,0x0000000012600000] byte_map_base: 0x0000000011df8000

Marking Bits: (ParMarkBitMap*) 0x0000000076785ce0
 Begin Bits: [0x0000000012b50000, 0x0000000013b10000)
 End Bits:   [0x0000000013b10000, 0x0000000014ad0000)

Polling page: 0x0000000002ea0000

CodeCache: size=245760Kb used=11636Kb max_used=12246Kb free=234123Kb
 bounds [0x0000000003040000, 0x0000000003c70000, 0x0000000012040000]
 total_blobs=3939 nmethods=3505 adapters=346
 compilation: enabled

Compilation events (10 events):
Event: 14.913 Thread 0x000000001567d800 3919       3       java.lang.ProcessEnvironment$NameComparator::compare (90 bytes)
Event: 14.913 Thread 0x000000001566e000 3922       4       java.lang.Character::toUpperCase (6 bytes)
Event: 14.914 Thread 0x000000001567d800 nmethod 3919 0x00000000033d5050 code [0x00000000033d5280, 0x00000000033d5ff8]
Event: 14.914 Thread 0x000000001567d800 3920       3       java.lang.ProcessEnvironment$CheckedEntry::getKey (5 bytes)
Event: 14.915 Thread 0x000000001567d800 nmethod 3920 0x000000000320e790 code [0x000000000320e900, 0x000000000320ec68]
Event: 14.915 Thread 0x000000001567d800 3921       3       java.lang.ProcessEnvironment$CheckedEntry::getKey (13 bytes)
Event: 14.915 Thread 0x000000001566e000 nmethod 3922 0x0000000003841fd0 code [0x0000000003842100, 0x00000000038421d8]
Event: 14.915 Thread 0x000000001567d800 nmethod 3921 0x000000000320e1d0 code [0x000000000320e340, 0x000000000320e648]
Event: 15.511 Thread 0x000000001567d800 3923       1       java.util.concurrent.atomic.AtomicInteger::get (5 bytes)
Event: 15.512 Thread 0x000000001567d800 nmethod 3923 0x00000000033d4d50 code [0x00000000033d4ea0, 0x00000000033d4fb0]

GC Heap History (10 events):
Event: 3.190 GC heap before
{Heap before GC invocations=5 (full 0):
 PSYoungGen      total 35328K, used 35312K [0x00000000eb000000, 0x00000000ed500000, 0x0000000100000000)
  eden space 32768K, 100% used [0x00000000eb000000,0x00000000ed000000,0x00000000ed000000)
  from space 2560K, 99% used [0x00000000ed280000,0x00000000ed4fc030,0x00000000ed500000)
  to   space 2560K, 0% used [0x00000000ed000000,0x00000000ed000000,0x00000000ed280000)
 ParOldGen       total 44032K, used 5710K [0x00000000c1000000, 0x00000000c3b00000, 0x00000000eb000000)
  object space 44032K, 12% used [0x00000000c1000000,0x00000000c1593ae8,0x00000000c3b00000)
 Metaspace       used 15242K, capacity 15464K, committed 15872K, reserved 1062912K
  class space    used 1848K, capacity 1940K, committed 2048K, reserved 1048576K
Event: 3.202 GC heap after
Heap after GC invocations=5 (full 0):
 PSYoungGen      total 35328K, used 2544K [0x00000000eb000000, 0x00000000eff00000, 0x0000000100000000)
  eden space 32768K, 0% used [0x00000000eb000000,0x00000000eb000000,0x00000000ed000000)
  from space 2560K, 99% used [0x00000000ed000000,0x00000000ed27c030,0x00000000ed280000)
  to   space 7680K, 0% used [0x00000000ef780000,0x00000000ef780000,0x00000000eff00000)
 ParOldGen       total 44032K, used 10433K [0x00000000c1000000, 0x00000000c3b00000, 0x00000000eb000000)
  object space 44032K, 23% used [0x00000000c1000000,0x00000000c1a307d0,0x00000000c3b00000)
 Metaspace       used 15242K, capacity 15464K, committed 15872K, reserved 1062912K
  class space    used 1848K, capacity 1940K, committed 2048K, reserved 1048576K
}
Event: 6.119 GC heap before
{Heap before GC invocations=6 (full 0):
 PSYoungGen      total 35328K, used 35312K [0x00000000eb000000, 0x00000000eff00000, 0x0000000100000000)
  eden space 32768K, 100% used [0x00000000eb000000,0x00000000ed000000,0x00000000ed000000)
  from space 2560K, 99% used [0x00000000ed000000,0x00000000ed27c030,0x00000000ed280000)
  to   space 7680K, 0% used [0x00000000ef780000,0x00000000ef780000,0x00000000eff00000)
 ParOldGen       total 44032K, used 10433K [0x00000000c1000000, 0x00000000c3b00000, 0x00000000eb000000)
  object space 44032K, 23% used [0x00000000c1000000,0x00000000c1a307d0,0x00000000c3b00000)
 Metaspace       used 16327K, capacity 16632K, committed 17024K, reserved 1064960K
  class space    used 1947K, capacity 2052K, committed 2176K, reserved 1048576K
Event: 6.131 GC heap after
Heap after GC invocations=6 (full 0):
 PSYoungGen      total 72192K, used 4915K [0x00000000eb000000, 0x00000000efe00000, 0x0000000100000000)
  eden space 65536K, 0% used [0x00000000eb000000,0x00000000eb000000,0x00000000ef000000)
  from space 6656K, 73% used [0x00000000ef780000,0x00000000efc4cf80,0x00000000efe00000)
  to   space 7168K, 0% used [0x00000000ef000000,0x00000000ef000000,0x00000000ef700000)
 ParOldGen       total 44032K, used 10433K [0x00000000c1000000, 0x00000000c3b00000, 0x00000000eb000000)
  object space 44032K, 23% used [0x00000000c1000000,0x00000000c1a307d0,0x00000000c3b00000)
 Metaspace       used 16327K, capacity 16632K, committed 17024K, reserved 1064960K
  class space    used 1947K, capacity 2052K, committed 2176K, reserved 1048576K
}
Event: 8.736 GC heap before
{Heap before GC invocations=7 (full 0):
 PSYoungGen      total 72192K, used 39127K [0x00000000eb000000, 0x00000000efe00000, 0x0000000100000000)
  eden space 65536K, 52% used [0x00000000eb000000,0x00000000ed168e58,0x00000000ef000000)
  from space 6656K, 73% used [0x00000000ef780000,0x00000000efc4cf80,0x00000000efe00000)
  to   space 7168K, 0% used [0x00000000ef000000,0x00000000ef000000,0x00000000ef700000)
 ParOldGen       total 44032K, used 10433K [0x00000000c1000000, 0x00000000c3b00000, 0x00000000eb000000)
  object space 44032K, 23% used [0x00000000c1000000,0x00000000c1a307d0,0x00000000c3b00000)
 Metaspace       used 20616K, capacity 21058K, committed 21296K, reserved 1069056K
  class space    used 2497K, capacity 2613K, committed 2688K, reserved 1048576K
Event: 8.749 GC heap after
Heap after GC invocations=7 (full 0):
 PSYoungGen      total 69120K, used 5870K [0x00000000eb000000, 0x00000000efc80000, 0x0000000100000000)
  eden space 62976K, 0% used [0x00000000eb000000,0x00000000eb000000,0x00000000eed80000)
  from space 6144K, 95% used [0x00000000ef000000,0x00000000ef5bb9d0,0x00000000ef600000)
  to   space 6656K, 0% used [0x00000000ef600000,0x00000000ef600000,0x00000000efc80000)
 ParOldGen       total 44032K, used 11470K [0x00000000c1000000, 0x00000000c3b00000, 0x00000000eb000000)
  object space 44032K, 26% used [0x00000000c1000000,0x00000000c1b33840,0x00000000c3b00000)
 Metaspace       used 20616K, capacity 21058K, committed 21296K, reserved 1069056K
  class space    used 2497K, capacity 2613K, committed 2688K, reserved 1048576K
}
Event: 8.749 GC heap before
{Heap before GC invocations=8 (full 1):
 PSYoungGen      total 69120K, used 5870K [0x00000000eb000000, 0x00000000efc80000, 0x0000000100000000)
  eden space 62976K, 0% used [0x00000000eb000000,0x00000000eb000000,0x00000000eed80000)
  from space 6144K, 95% used [0x00000000ef000000,0x00000000ef5bb9d0,0x00000000ef600000)
  to   space 6656K, 0% used [0x00000000ef600000,0x00000000ef600000,0x00000000efc80000)
 ParOldGen       total 44032K, used 11470K [0x00000000c1000000, 0x00000000c3b00000, 0x00000000eb000000)
  object space 44032K, 26% used [0x00000000c1000000,0x00000000c1b33840,0x00000000c3b00000)
 Metaspace       used 20616K, capacity 21058K, committed 21296K, reserved 1069056K
  class space    used 2497K, capacity 2613K, committed 2688K, reserved 1048576K
Event: 8.878 GC heap after
Heap after GC invocations=8 (full 1):
 PSYoungGen      total 69120K, used 0K [0x00000000eb000000, 0x00000000efc80000, 0x0000000100000000)
  eden space 62976K, 0% used [0x00000000eb000000,0x00000000eb000000,0x00000000eed80000)
  from space 6144K, 0% used [0x00000000ef000000,0x00000000ef000000,0x00000000ef600000)
  to   space 6656K, 0% used [0x00000000ef600000,0x00000000ef600000,0x00000000efc80000)
 ParOldGen       total 40448K, used 9424K [0x00000000c1000000, 0x00000000c3780000, 0x00000000eb000000)
  object space 40448K, 23% used [0x00000000c1000000,0x00000000c1934070,0x00000000c3780000)
 Metaspace       used 20616K, capacity 21058K, committed 21296K, reserved 1069056K
  class space    used 2497K, capacity 2613K, committed 2688K, reserved 1048576K
}
Event: 14.326 GC heap before
{Heap before GC invocations=9 (full 1):
 PSYoungGen      total 69120K, used 62976K [0x00000000eb000000, 0x00000000efc80000, 0x0000000100000000)
  eden space 62976K, 100% used [0x00000000eb000000,0x00000000eed80000,0x00000000eed80000)
  from space 6144K, 0% used [0x00000000ef000000,0x00000000ef000000,0x00000000ef600000)
  to   space 6656K, 0% used [0x00000000ef600000,0x00000000ef600000,0x00000000efc80000)
 ParOldGen       total 40448K, used 9424K [0x00000000c1000000, 0x00000000c3780000, 0x00000000eb000000)
  object space 40448K, 23% used [0x00000000c1000000,0x00000000c1934070,0x00000000c3780000)
 Metaspace       used 23512K, capacity 23968K, committed 24192K, reserved 1071104K
  class space    used 2775K, capacity 2937K, committed 2944K, reserved 1048576K
Event: 14.339 GC heap after
Heap after GC invocations=9 (full 1):
 PSYoungGen      total 68608K, used 6653K [0x00000000eb000000, 0x00000000f1680000, 0x0000000100000000)
  eden space 61952K, 0% used [0x00000000eb000000,0x00000000eb000000,0x00000000eec80000)
  from space 6656K, 99% used [0x00000000ef600000,0x00000000efc7f608,0x00000000efc80000)
  to   space 9728K, 0% used [0x00000000eec80000,0x00000000eec80000,0x00000000ef600000)
 ParOldGen       total 40448K, used 12844K [0x00000000c1000000, 0x00000000c3780000, 0x00000000eb000000)
  object space 40448K, 31% used [0x00000000c1000000,0x00000000c1c8b278,0x00000000c3780000)
 Metaspace       used 23512K, capacity 23968K, committed 24192K, reserved 1071104K
  class space    used 2775K, capacity 2937K, committed 2944K, reserved 1048576K
}

Deoptimization events (10 events):
Event: 14.906 Thread 0x0000000002e9e800 Uncommon trap: reason=class_check action=maybe_recompile pc=0x0000000003739780 method=java.util.Collections$UnmodifiableMap$UnmodifiableEntrySet$UnmodifiableEntry.getKey()Ljava/lang/Object; @ 4
Event: 14.906 Thread 0x0000000002e9e800 Uncommon trap: reason=class_check action=maybe_recompile pc=0x00000000037352c0 method=java.util.Collections$UnmodifiableMap$UnmodifiableEntrySet$UnmodifiableEntry.getValue()Ljava/lang/Object; @ 4
Event: 14.906 Thread 0x0000000002e9e800 Uncommon trap: reason=class_check action=maybe_recompile pc=0x000000000372584c method=java.util.Collections$UnmodifiableMap$UnmodifiableEntrySet$1.hasNext()Z @ 4
Event: 14.906 Thread 0x0000000002e9e800 Uncommon trap: reason=class_check action=maybe_recompile pc=0x0000000003735db0 method=java.util.Collections$UnmodifiableMap$UnmodifiableEntrySet$1.next()Ljava/util/Map$Entry; @ 8
Event: 14.906 Thread 0x0000000002e9e800 Uncommon trap: reason=class_check action=maybe_recompile pc=0x0000000003739780 method=java.util.Collections$UnmodifiableMap$UnmodifiableEntrySet$UnmodifiableEntry.getKey()Ljava/lang/Object; @ 4
Event: 14.906 Thread 0x0000000002e9e800 Uncommon trap: reason=class_check action=maybe_recompile pc=0x00000000037352c0 method=java.util.Collections$UnmodifiableMap$UnmodifiableEntrySet$UnmodifiableEntry.getValue()Ljava/lang/Object; @ 4
Event: 14.906 Thread 0x0000000002e9e800 Uncommon trap: reason=class_check action=maybe_recompile pc=0x000000000372584c method=java.util.Collections$UnmodifiableMap$UnmodifiableEntrySet$1.hasNext()Z @ 4
Event: 14.906 Thread 0x0000000002e9e800 Uncommon trap: reason=class_check action=maybe_recompile pc=0x0000000003735db0 method=java.util.Collections$UnmodifiableMap$UnmodifiableEntrySet$1.next()Ljava/util/Map$Entry; @ 8
Event: 14.906 Thread 0x0000000002e9e800 Uncommon trap: reason=class_check action=maybe_recompile pc=0x0000000003739780 method=java.util.Collections$UnmodifiableMap$UnmodifiableEntrySet$UnmodifiableEntry.getKey()Ljava/lang/Object; @ 4
Event: 14.906 Thread 0x0000000002e9e800 Uncommon trap: reason=class_check action=maybe_recompile pc=0x00000000037352c0 method=java.util.Collections$UnmodifiableMap$UnmodifiableEntrySet$UnmodifiableEntry.getValue()Ljava/lang/Object; @ 4

Classes redefined (0 events):
No events

Internal exceptions (10 events):
Event: 1.816 Thread 0x0000000002e9e800 Exception <a 'java/lang/NullPointerException'> (0x00000000ebd17b78) thrown at [C:\re\workspace\8-2-build-windows-amd64-cygwin\jdk8u221\13320\hotspot\src\share\vm\interpreter\linkResolver.cpp, line 1185]
Event: 1.816 Thread 0x0000000002e9e800 Exception <a 'java/lang/NullPointerException'> (0x00000000ebd17d90) thrown at [C:\re\workspace\8-2-build-windows-amd64-cygwin\jdk8u221\13320\hotspot\src\share\vm\interpreter\linkResolver.cpp, line 1185]
Event: 1.816 Thread 0x0000000002e9e800 Exception <a 'java/lang/NullPointerException'> (0x00000000ebd17fa8) thrown at [C:\re\workspace\8-2-build-windows-amd64-cygwin\jdk8u221\13320\hotspot\src\share\vm\interpreter\linkResolver.cpp, line 1185]
Event: 2.471 Thread 0x0000000002e9e800 Implicit null exception at 0x000000000362f737 to 0x000000000362f981
Event: 3.806 Thread 0x0000000002e9e800 Implicit null exception at 0x00000000033e6b95 to 0x00000000033e6d65
Event: 3.809 Thread 0x0000000002e9e800 Implicit null exception at 0x000000000332d02f to 0x000000000332d099
Event: 7.449 Thread 0x0000000002e9e800 Exception <a 'java/lang/ClassNotFoundException': com/sun/tools/javac/api/JavacTool> (0x00000000ec442ee8) thrown at [C:\re\workspace\8-2-build-windows-amd64-cygwin\jdk8u221\13320\hotspot\src\share\vm\classfile\systemDictionary.cpp, line 210]
Event: 9.411 Thread 0x0000000002e9e800 Exception <a 'java/io/FileNotFoundException'> (0x00000000eb556080) thrown at [C:\re\workspace\8-2-build-windows-amd64-cygwin\jdk8u221\13320\hotspot\src\share\vm\prims\jni.cpp, line 710]
Event: 9.490 Thread 0x0000000002e9e800 Exception <a 'java/io/FileNotFoundException'> (0x00000000eb58b218) thrown at [C:\re\workspace\8-2-build-windows-amd64-cygwin\jdk8u221\13320\hotspot\src\share\vm\prims\jni.cpp, line 710]
Event: 14.180 Thread 0x0000000002e9e800 Implicit null exception at 0x0000000003362177 to 0x00000000033623c1

Events (10 events):
Event: 14.924 Thread 0x0000000017d80800 Thread added: 0x0000000017d80800
Event: 14.924 Thread 0x0000000017109800 Thread added: 0x0000000017109800
Event: 14.924 loading class org/apache/maven/surefire/shade/common/org/apache/maven/shared/utils/cli/CommandLineUtils$1
Event: 14.924 loading class org/apache/maven/surefire/shade/common/org/apache/maven/shared/utils/cli/CommandLineUtils$1 done
Event: 14.924 loading class org/apache/maven/surefire/shade/common/org/apache/maven/shared/utils/cli/CommandLineUtils$1
Event: 14.924 loading class org/apache/maven/surefire/shade/common/org/apache/maven/shared/utils/cli/CommandLineUtils$1 done
Event: 14.924 loading class org/apache/maven/surefire/shade/common/org/apache/maven/shared/utils/cli/CommandLineTimeOutException
Event: 14.924 loading class org/apache/maven/surefire/shade/common/org/apache/maven/shared/utils/cli/CommandLineTimeOutException done
Event: 14.924 loading class org/apache/maven/surefire/shade/common/org/apache/maven/shared/utils/cli/CommandLineTimeOutException
Event: 14.925 loading class org/apache/maven/surefire/shade/common/org/apache/maven/shared/utils/cli/CommandLineTimeOutException done


Dynamic libraries:
0x00007ff655620000 - 0x00007ff655657000 	C:\Program Files\Java\jdk1.8.0_221\bin\java.exe
0x00007ffa96ca0000 - 0x00007ffa96e81000 	C:\Windows\SYSTEM32\ntdll.dll
0x00007ffa946e0000 - 0x00007ffa94791000 	C:\Windows\System32\KERNEL32.DLL
0x00007ffa933b0000 - 0x00007ffa93623000 	C:\Windows\System32\KERNELBASE.dll
0x00007ffa947a0000 - 0x00007ffa94841000 	C:\Windows\System32\ADVAPI32.dll
0x00007ffa96bd0000 - 0x00007ffa96c6e000 	C:\Windows\System32\msvcrt.dll
0x00007ffa944a0000 - 0x00007ffa944fb000 	C:\Windows\System32\sechost.dll
0x00007ffa94130000 - 0x00007ffa94254000 	C:\Windows\System32\RPCRT4.dll
0x00007ffa95460000 - 0x00007ffa955f0000 	C:\Windows\System32\USER32.dll
0x00007ffa93d40000 - 0x00007ffa93d60000 	C:\Windows\System32\win32u.dll
0x00007ffa96ac0000 - 0x00007ffa96ae8000 	C:\Windows\System32\GDI32.dll
0x00007ffa93060000 - 0x00007ffa931f1000 	C:\Windows\System32\gdi32full.dll
0x00007ffa93200000 - 0x00007ffa9329f000 	C:\Windows\System32\msvcp_win.dll
0x00007ffa93db0000 - 0x00007ffa93ea8000 	C:\Windows\System32\ucrtbase.dll
0x00007ffa85630000 - 0x00007ffa85899000 	C:\Windows\WinSxS\amd64_microsoft.windows.common-controls_6595b64144ccf1df_6.0.17134.1067_none_d401a3eb7c8ebdea\COMCTL32.dll
0x00007ffa95050000 - 0x00007ffa95371000 	C:\Windows\System32\combase.dll
0x00007ffa940a0000 - 0x00007ffa94119000 	C:\Windows\System32\bcryptPrimitives.dll
0x00007ffa95430000 - 0x00007ffa9545d000 	C:\Windows\System32\IMM32.DLL
0x0000000051790000 - 0x0000000051862000 	C:\Program Files\Java\jdk1.8.0_221\jre\bin\msvcr100.dll
0x0000000075f60000 - 0x0000000076805000 	C:\Program Files\Java\jdk1.8.0_221\jre\bin\server\jvm.dll
0x00007ffa949b0000 - 0x00007ffa949b8000 	C:\Windows\System32\PSAPI.DLL
0x00007ffa8f880000 - 0x00007ffa8f8a3000 	C:\Windows\SYSTEM32\WINMM.dll
0x00007ffa8bfb0000 - 0x00007ffa8bfb9000 	C:\Windows\SYSTEM32\WSOCK32.dll
0x00007ffa96a40000 - 0x00007ffa96aac000 	C:\Windows\System32\WS2_32.dll
0x00007ffa8f7a0000 - 0x00007ffa8f7ca000 	C:\Windows\SYSTEM32\WINMMBASE.dll
0x00007ffa93d60000 - 0x00007ffa93da9000 	C:\Windows\System32\cfgmgr32.dll
0x00007ffa8e8f0000 - 0x00007ffa8e8fa000 	C:\Windows\SYSTEM32\VERSION.dll
0x00007ffa8bfa0000 - 0x00007ffa8bfaf000 	C:\Program Files\Java\jdk1.8.0_221\jre\bin\verify.dll
0x00007ffa8bf70000 - 0x00007ffa8bf99000 	C:\Program Files\Java\jdk1.8.0_221\jre\bin\java.dll
0x00007ffa8bf50000 - 0x00007ffa8bf66000 	C:\Program Files\Java\jdk1.8.0_221\jre\bin\zip.dll
0x00007ffa955f0000 - 0x00007ffa96a34000 	C:\Windows\System32\SHELL32.dll
0x00007ffa95380000 - 0x00007ffa95429000 	C:\Windows\System32\shcore.dll
0x00007ffa93630000 - 0x00007ffa93d40000 	C:\Windows\System32\windows.storage.dll
0x00007ffa94f00000 - 0x00007ffa94f51000 	C:\Windows\System32\shlwapi.dll
0x00007ffa93020000 - 0x00007ffa93031000 	C:\Windows\System32\kernel.appcore.dll
0x00007ffa93000000 - 0x00007ffa9301f000 	C:\Windows\System32\profapi.dll
0x00007ffa92fa0000 - 0x00007ffa92fec000 	C:\Windows\System32\powrprof.dll
0x00007ffa92ff0000 - 0x00007ffa92ffa000 	C:\Windows\System32\FLTLIB.DLL
0x00007ffa8bf40000 - 0x00007ffa8bf4a000 	C:\Program Files\apache-maven-3.6.3\lib\jansi-native\windows64\jansi.dll
0x00007ffa8bf20000 - 0x00007ffa8bf3a000 	C:\Program Files\Java\jdk1.8.0_221\jre\bin\net.dll
0x00007ffa8edc0000 - 0x00007ffa8ef8a000 	C:\Windows\SYSTEM32\urlmon.dll
0x00007ffa8e640000 - 0x00007ffa8e8e7000 	C:\Windows\SYSTEM32\iertutil.dll
0x00007ffa929f0000 - 0x00007ffa929fb000 	C:\Windows\SYSTEM32\CRYPTBASE.DLL
0x00007ffa92820000 - 0x00007ffa92886000 	C:\Windows\system32\mswsock.dll
0x00007ffa8bf00000 - 0x00007ffa8bf12000 	C:\Program Files\Java\jdk1.8.0_221\jre\bin\nio.dll
0x00007ffa8be90000 - 0x00007ffa8be9d000 	C:\Program Files\Java\jdk1.8.0_221\jre\bin\management.dll
0x00007ffa8be70000 - 0x00007ffa8be86000 	C:\Windows\system32\napinsp.dll
0x00007ffa8be50000 - 0x00007ffa8be6a000 	C:\Windows\system32\pnrpnsp.dll
0x00007ffa8fd60000 - 0x00007ffa8fd79000 	C:\Windows\system32\NLAapi.dll
0x00007ffa925b0000 - 0x00007ffa9266e000 	C:\Windows\SYSTEM32\DNSAPI.dll
0x00007ffa94120000 - 0x00007ffa94128000 	C:\Windows\System32\NSI.dll
0x00007ffa92570000 - 0x00007ffa925a8000 	C:\Windows\SYSTEM32\IPHLPAPI.DLL
0x00007ffa8be40000 - 0x00007ffa8be4e000 	C:\Windows\System32\winrnr.dll
0x00007ffa929d0000 - 0x00007ffa929e7000 	C:\Windows\SYSTEM32\CRYPTSP.dll
0x00007ffa923d0000 - 0x00007ffa92403000 	C:\Windows\system32\rsaenh.dll
0x00007ffa92b00000 - 0x00007ffa92b25000 	C:\Windows\SYSTEM32\bcrypt.dll
0x00007ffa87330000 - 0x00007ffa8733a000 	C:\Windows\System32\rasadhlp.dll
0x00007ffa92ea0000 - 0x00007ffa92ec8000 	C:\Windows\SYSTEM32\USERENV.dll
0x00007ffa858b0000 - 0x00007ffa85922000 	C:\Windows\System32\fwpuclnt.dll
0x00007ffa89800000 - 0x00007ffa89816000 	C:\Windows\SYSTEM32\dhcpcsvc6.DLL
0x00007ffa8acb0000 - 0x00007ffa8acca000 	C:\Windows\SYSTEM32\dhcpcsvc.DLL

VM Arguments:
jvm_args: -Dclassworlds.conf=C:\Program Files\apache-maven-3.6.3\bin\..\bin\m2.conf -Dmaven.home=C:\Program Files\apache-maven-3.6.3\bin\.. -Dlibrary.jansi.path=C:\Program Files\apache-maven-3.6.3\bin\..\lib\jansi-native -Dmaven.multiModuleProjectDirectory=C:\Users\HP\eclipse-workspace\TestCaseAssignment1 
java_command: org.codehaus.plexus.classworlds.launcher.Launcher clean install -Dbrowser=chrome
java_class_path (initial): C:\Program Files\apache-maven-3.6.3\bin\..\boot\plexus-classworlds-2.6.0.jar
Launcher Type: SUN_STANDARD

Environment Variables:
JAVA_HOME=C:\Program Files\Java\jdk1.8.0_221
PATH=C:\Program Files\Java\jdk1.8.0_221\bin;C:\WINDOWS\system64;C:\WINDOWS;C:/WINDOWS\System64\Wbem;C:/WINDOWS\system64\WindowsPowerShell\v1.0;C:\Program Files\apache-maven-3.6.3\bin;C:\Program Files\Git\cmd;C:\Users\HP\AppData\Local\Microsoft\WindowsApps;C:\Users\HP\Downloads;;C:\Users\HP\AppData\Local\Programs\Microsoft VS Code\bin
USERNAME=HP
OS=Windows_NT
PROCESSOR_IDENTIFIER=Intel64 Family 6 Model 69 Stepping 1, GenuineIntel



---------------  S Y S T E M  ---------------

OS: Windows 10.0 , 64 bit Build 17134 (10.0.17134.753)

CPU:total 4 (initial active 4) (2 cores per cpu, 2 threads per core) family 6 model 69 stepping 1, cmov, cx8, fxsr, mmx, sse, sse2, sse3, ssse3, sse4.1, sse4.2, popcnt, avx, avx2, aes, clmul, erms, lzcnt, ht, tsc, tscinvbit, bmi1, bmi2

Memory: 4k page, physical 4127020k(603980k free), swap 16709932k(8280k free)

vm_info: Java HotSpot(TM) 64-Bit Server VM (25.221-b11) for windows-amd64 JRE (1.8.0_221-b11), built on Jul  4 2019 04:39:29 by "java_re" with MS VC++ 10.0 (VS2010)

time: Tue Sep 08 12:54:46 2020
timezone: India Standard Time
elapsed time: 15 seconds (0d 0h 0m 15s)

