#
# There is insufficient memory for the Java Runtime Environment to continue.
# Native memory allocation (malloc) failed to allocate 32744 bytes for ChunkPool::allocate
# Possible reasons:
#   The system is out of physical RAM or swap space
#   The process is running with CompressedOops enabled, and the Java Heap may be blocking the growth of the native heap
# Possible solutions:
#   Reduce memory load on the system
#   Increase physical memory or swap space
#   Check if swap backing store is full
#   Decrease Java heap size (-Xmx/-Xms)
#   Decrease number of Java threads
#   Decrease Java thread stack sizes (-Xss)
#   Set larger code cache with -XX:ReservedCodeCacheSize=
#   JVM is running with Unscaled Compressed Oops mode in which the Java heap is
#     placed in the first 4GB address space. The Java Heap base address is the
#     maximum limit for the native heap growth. Please use -XX:HeapBaseMinAddress
#     to set the Java Heap base and to place the Java Heap above 4GB virtual address.
# This output file may be truncated or incomplete.
#
#  Out of Memory Error (allocation.cpp:272), pid=6628, tid=0x0000000000000a8c
#
# JRE version: Java(TM) SE Runtime Environment (8.0_221-b11) (build 1.8.0_221-b11)
# Java VM: Java HotSpot(TM) 64-Bit Server VM (25.221-b11 mixed mode windows-amd64 compressed oops)
# Failed to write core dump. Minidumps are not enabled by default on client versions of Windows
#

---------------  T H R E A D  ---------------

Current thread (0x00000000156bf800):  JavaThread "C2 CompilerThread0" daemon [_thread_in_native, id=2700, stack(0x0000000016d20000,0x0000000016e20000)]

Stack: [0x0000000016d20000,0x0000000016e20000]
[error occurred during error reporting (printing stack bounds), id 0xc0000005]

Native frames: (J=compiled Java code, j=interpreted, Vv=VM code, C=native code)


Current CompileTask:
C2:  45714 1740 %     4       org.openqa.selenium.json.JsonInput::readString @ 16 (129 bytes)


---------------  P R O C E S S  ---------------

Java Threads: ( => current thread )
  0x0000000017cf9000 JavaThread "Okio Watchdog" daemon [_thread_blocked, id=10008, stack(0x0000000018f60000,0x0000000019060000)]
  0x0000000017d21800 JavaThread "OkHttp ConnectionPool" daemon [_thread_blocked, id=2632, stack(0x0000000018e60000,0x0000000018f60000)]
  0x0000000017d50800 JavaThread "Exec Stream Pumper" daemon [_thread_in_native, id=6472, stack(0x0000000018760000,0x0000000018860000)]
  0x0000000017d4f800 JavaThread "Exec Stream Pumper" daemon [_thread_in_native, id=2344, stack(0x0000000018660000,0x0000000018760000)]
  0x0000000017d4f000 JavaThread "UrlChecker-2" daemon [_thread_blocked, id=3796, stack(0x0000000018560000,0x0000000018660000)]
  0x0000000017b46800 JavaThread "Exec Default Executor" daemon [_thread_in_native, id=9060, stack(0x0000000018460000,0x0000000018560000)]
  0x0000000017244800 JavaThread "ReaderThread" [_thread_in_native, id=9856, stack(0x0000000017620000,0x0000000017720000)]
  0x0000000017041800 JavaThread "Service Thread" daemon [_thread_blocked, id=8996, stack(0x0000000017420000,0x0000000017520000)]
  0x00000000156d5800 JavaThread "C1 CompilerThread2" daemon [_thread_blocked, id=1364, stack(0x0000000016f20000,0x0000000017020000)]
  0x00000000156c5800 JavaThread "C2 CompilerThread1" daemon [_thread_blocked, id=9100, stack(0x0000000016e20000,0x0000000016f20000)]
=>0x00000000156bf800 JavaThread "C2 CompilerThread0" daemon [_thread_in_native, id=2700, stack(0x0000000016d20000,0x0000000016e20000)]
  0x00000000156be000 JavaThread "Attach Listener" daemon [_thread_blocked, id=3448, stack(0x0000000016c20000,0x0000000016d20000)]
  0x00000000156bd000 JavaThread "Signal Dispatcher" daemon [_thread_blocked, id=11032, stack(0x0000000016b20000,0x0000000016c20000)]
  0x000000000308c000 JavaThread "Finalizer" daemon [_thread_blocked, id=4444, stack(0x0000000016930000,0x0000000016a30000)]
  0x0000000003083000 JavaThread "Reference Handler" daemon [_thread_blocked, id=4556, stack(0x0000000016830000,0x0000000016930000)]
  0x0000000002f92800 JavaThread "main" [_thread_blocked, id=2356, stack(0x0000000002e90000,0x0000000002f90000)]

Other Threads:
  0x0000000015687000 VMThread [stack: 0x0000000016730000,0x0000000016830000] [id=6108]
  0x000000001705d000 WatcherThread [stack: 0x0000000017520000,0x0000000017620000] [id=4644]

VM state:not at safepoint (normal execution)

VM Mutex/Monitor currently owned by a thread: None

heap address: 0x00000000c1000000, size: 1008 MB, Compressed Oops mode: 32-bit
Narrow klass base: 0x0000000000000000, Narrow klass shift: 3
Compressed class space size: 1073741824 Address: 0x0000000100000000

Heap:
 PSYoungGen      total 18944K, used 4189K [0x00000000eb000000, 0x00000000ec500000, 0x0000000100000000)
  eden space 16384K, 10% used [0x00000000eb000000,0x00000000eb19f5a8,0x00000000ec000000)
  from space 2560K, 98% used [0x00000000ec000000,0x00000000ec278030,0x00000000ec280000)
  to   space 2560K, 0% used [0x00000000ec280000,0x00000000ec280000,0x00000000ec500000)
 ParOldGen       total 44032K, used 5402K [0x00000000c1000000, 0x00000000c3b00000, 0x00000000eb000000)
  object space 44032K, 12% used [0x00000000c1000000,0x00000000c1546aa8,0x00000000c3b00000)
 Metaspace       used 14953K, capacity 15724K, committed 16000K, reserved 1062912K
  class space    used 1858K, capacity 2068K, committed 2176K, reserved 1048576K

Card table byte_map: [0x0000000012450000,0x0000000012650000] byte_map_base: 0x0000000011e48000

Marking Bits: (ParMarkBitMap*) 0x0000000063875ce0
 Begin Bits: [0x0000000012ba0000, 0x0000000013b60000)
 End Bits:   [0x0000000013b60000, 0x0000000014b20000)

Polling page: 0x0000000001070000

CodeCache: size=245760Kb used=5643Kb max_used=5643Kb free=240116Kb
 bounds [0x0000000003090000, 0x0000000003620000, 0x0000000012090000]
 total_blobs=2142 nmethods=1740 adapters=314
 compilation: enabled

Compilation events (10 events):
Event: 45.150 Thread 0x00000000156d5800 nmethod 1736 0x00000000036112d0 code [0x0000000003611580, 0x0000000003612558]
Event: 45.645 Thread 0x00000000156d5800 1737       3       com.google.common.net.MediaType::parametersAsMap (19 bytes)
Event: 45.645 Thread 0x00000000156bf800 1740 %     4       org.openqa.selenium.json.JsonInput::readString @ 16 (129 bytes)
Event: 45.646 Thread 0x00000000156d5800 nmethod 1737 0x0000000003612c90 code [0x0000000003612e80, 0x0000000003613808]
Event: 45.646 Thread 0x00000000156d5800 1741       3       java.util.stream.ReduceOps$3ReducingSink::begin (14 bytes)
Event: 45.646 Thread 0x00000000156d5800 nmethod 1741 0x0000000003613e90 code [0x0000000003614000, 0x0000000003614248]
Event: 45.646 Thread 0x00000000156d5800 1738       3       com.google.common.net.MediaType$1::<init> (10 bytes)
Event: 45.646 Thread 0x00000000156d5800 nmethod 1738 0x0000000003614310 code [0x0000000003614460, 0x0000000003614630]
Event: 45.646 Thread 0x00000000156d5800 1739       3       sun.util.locale.provider.JRELocaleProviderAdapter::getLocaleResources (51 bytes)
Event: 45.647 Thread 0x00000000156d5800 nmethod 1739 0x00000000036146d0 code [0x0000000003614880, 0x0000000003614e88]

GC Heap History (6 events):
Event: 2.935 GC heap before
{Heap before GC invocations=1 (full 0):
 PSYoungGen      total 18944K, used 16384K [0x00000000eb000000, 0x00000000ec500000, 0x0000000100000000)
  eden space 16384K, 100% used [0x00000000eb000000,0x00000000ec000000,0x00000000ec000000)
  from space 2560K, 0% used [0x00000000ec280000,0x00000000ec280000,0x00000000ec500000)
  to   space 2560K, 0% used [0x00000000ec000000,0x00000000ec000000,0x00000000ec280000)
 ParOldGen       total 44032K, used 0K [0x00000000c1000000, 0x00000000c3b00000, 0x00000000eb000000)
  object space 44032K, 0% used [0x00000000c1000000,0x00000000c1000000,0x00000000c3b00000)
 Metaspace       used 8938K, capacity 9136K, committed 9344K, reserved 1056768K
  class space    used 1057K, capacity 1125K, committed 1152K, reserved 1048576K
Event: 2.942 GC heap after
Heap after GC invocations=1 (full 0):
 PSYoungGen      total 18944K, used 2544K [0x00000000eb000000, 0x00000000ec500000, 0x0000000100000000)
  eden space 16384K, 0% used [0x00000000eb000000,0x00000000eb000000,0x00000000ec000000)
  from space 2560K, 99% used [0x00000000ec000000,0x00000000ec27c040,0x00000000ec280000)
  to   space 2560K, 0% used [0x00000000ec280000,0x00000000ec280000,0x00000000ec500000)
 ParOldGen       total 44032K, used 1130K [0x00000000c1000000, 0x00000000c3b00000, 0x00000000eb000000)
  object space 44032K, 2% used [0x00000000c1000000,0x00000000c111abe8,0x00000000c3b00000)
 Metaspace       used 8938K, capacity 9136K, committed 9344K, reserved 1056768K
  class space    used 1057K, capacity 1125K, committed 1152K, reserved 1048576K
}
Event: 5.272 GC heap before
{Heap before GC invocations=2 (full 0):
 PSYoungGen      total 18944K, used 18928K [0x00000000eb000000, 0x00000000ec500000, 0x0000000100000000)
  eden space 16384K, 100% used [0x00000000eb000000,0x00000000ec000000,0x00000000ec000000)
  from space 2560K, 99% used [0x00000000ec000000,0x00000000ec27c040,0x00000000ec280000)
  to   space 2560K, 0% used [0x00000000ec280000,0x00000000ec280000,0x00000000ec500000)
 ParOldGen       total 44032K, used 1130K [0x00000000c1000000, 0x00000000c3b00000, 0x00000000eb000000)
  object space 44032K, 2% used [0x00000000c1000000,0x00000000c111abe8,0x00000000c3b00000)
 Metaspace       used 12228K, capacity 12844K, committed 12928K, reserved 1060864K
  class space    used 1521K, capacity 1656K, committed 1664K, reserved 1048576K
Event: 5.280 GC heap after
Heap after GC invocations=2 (full 0):
 PSYoungGen      total 18944K, used 2544K [0x00000000eb000000, 0x00000000ec500000, 0x0000000100000000)
  eden space 16384K, 0% used [0x00000000eb000000,0x00000000eb000000,0x00000000ec000000)
  from space 2560K, 99% used [0x00000000ec280000,0x00000000ec4fc040,0x00000000ec500000)
  to   space 2560K, 0% used [0x00000000ec000000,0x00000000ec000000,0x00000000ec280000)
 ParOldGen       total 44032K, used 3314K [0x00000000c1000000, 0x00000000c3b00000, 0x00000000eb000000)
  object space 44032K, 7% used [0x00000000c1000000,0x00000000c133c9b0,0x00000000c3b00000)
 Metaspace       used 12228K, capacity 12844K, committed 12928K, reserved 1060864K
  class space    used 1521K, capacity 1656K, committed 1664K, reserved 1048576K
}
Event: 40.594 GC heap before
{Heap before GC invocations=3 (full 0):
 PSYoungGen      total 18944K, used 18928K [0x00000000eb000000, 0x00000000ec500000, 0x0000000100000000)
  eden space 16384K, 100% used [0x00000000eb000000,0x00000000ec000000,0x00000000ec000000)
  from space 2560K, 99% used [0x00000000ec280000,0x00000000ec4fc040,0x00000000ec500000)
  to   space 2560K, 0% used [0x00000000ec000000,0x00000000ec000000,0x00000000ec280000)
 ParOldGen       total 44032K, used 3314K [0x00000000c1000000, 0x00000000c3b00000, 0x00000000eb000000)
  object space 44032K, 7% used [0x00000000c1000000,0x00000000c133c9b0,0x00000000c3b00000)
 Metaspace       used 14923K, capacity 15712K, committed 16000K, reserved 1062912K
  class space    used 1858K, capacity 2068K, committed 2176K, reserved 1048576K
Event: 40.603 GC heap after
Heap after GC invocations=3 (full 0):
 PSYoungGen      total 18944K, used 2528K [0x00000000eb000000, 0x00000000ec500000, 0x0000000100000000)
  eden space 16384K, 0% used [0x00000000eb000000,0x00000000eb000000,0x00000000ec000000)
  from space 2560K, 98% used [0x00000000ec000000,0x00000000ec278030,0x00000000ec280000)
  to   space 2560K, 0% used [0x00000000ec280000,0x00000000ec280000,0x00000000ec500000)
 ParOldGen       total 44032K, used 5402K [0x00000000c1000000, 0x00000000c3b00000, 0x00000000eb000000)
  object space 44032K, 12% used [0x00000000c1000000,0x00000000c1546aa8,0x00000000c3b00000)
 Metaspace       used 14923K, capacity 15712K, committed 16000K, reserved 1062912K
  class space    used 1858K, capacity 2068K, committed 2176K, reserved 1048576K
}

Deoptimization events (10 events):
Event: 5.408 Thread 0x0000000002f92800 Uncommon trap: reason=class_check action=maybe_recompile pc=0x000000000340ee04 method=java.util.regex.Matcher.search(I)Z @ 86
Event: 5.408 Thread 0x0000000002f92800 Uncommon trap: reason=class_check action=maybe_recompile pc=0x000000000340ee04 method=java.util.regex.Matcher.search(I)Z @ 86
Event: 5.408 Thread 0x0000000002f92800 Uncommon trap: reason=class_check action=maybe_recompile pc=0x00000000033c6864 method=java.util.regex.Pattern$Curly.match(Ljava/util/regex/Matcher;ILjava/lang/CharSequence;)Z @ 19
Event: 5.442 Thread 0x0000000002f92800 Uncommon trap: reason=class_check action=maybe_recompile pc=0x00000000033c6864 method=java.util.regex.Pattern$Curly.match(Ljava/util/regex/Matcher;ILjava/lang/CharSequence;)Z @ 19
Event: 5.442 Thread 0x0000000002f92800 Uncommon trap: reason=class_check action=maybe_recompile pc=0x00000000033c6864 method=java.util.regex.Pattern$Curly.match(Ljava/util/regex/Matcher;ILjava/lang/CharSequence;)Z @ 19
Event: 5.512 Thread 0x0000000002f92800 Uncommon trap: reason=unstable_if action=reinterpret pc=0x000000000348e2a8 method=java.util.regex.Pattern$BmpCharProperty.match(Ljava/util/regex/Matcher;ILjava/lang/CharSequence;)Z @ 34
Event: 7.589 Thread 0x0000000002f92800 Uncommon trap: reason=class_check action=maybe_recompile pc=0x000000000350f444 method=org.openqa.selenium.json.Input.init()V @ 18
Event: 7.589 Thread 0x0000000002f92800 Uncommon trap: reason=class_check action=maybe_recompile pc=0x000000000350f444 method=org.openqa.selenium.json.Input.init()V @ 18
Event: 7.589 Thread 0x0000000002f92800 Uncommon trap: reason=class_check action=maybe_recompile pc=0x000000000350f444 method=org.openqa.selenium.json.Input.init()V @ 18
Event: 7.589 Thread 0x0000000002f92800 Uncommon trap: reason=class_check action=maybe_recompile pc=0x000000000350f444 method=org.openqa.selenium.json.Input.init()V @ 18

Classes redefined (0 events):
No events

Internal exceptions (10 events):
Event: 4.917 Thread 0x0000000002f92800 Exception <a 'java/lang/ArrayIndexOutOfBoundsException'> (0x00000000ebbed4a8) thrown at [C:\re\workspace\8-2-build-windows-amd64-cygwin\jdk8u221\13320\hotspot\src\share\vm\runtime\sharedRuntime.cpp, line 605]
Event: 4.917 Thread 0x0000000002f92800 Exception <a 'java/lang/ArrayIndexOutOfBoundsException'> (0x00000000ebbf2b00) thrown at [C:\re\workspace\8-2-build-windows-amd64-cygwin\jdk8u221\13320\hotspot\src\share\vm\runtime\sharedRuntime.cpp, line 605]
Event: 5.156 Thread 0x0000000002f92800 Exception <a 'java/lang/NoSuchMethodError': java.lang.Object.lambda$chars$0()Ljava/util/Spliterator$OfInt;> (0x00000000ebdf0b38) thrown at [C:\re\workspace\8-2-build-windows-amd64-cygwin\jdk8u221\13320\hotspot\src\share\vm\interpreter\linkResolver.cpp, li
Event: 7.634 Thread 0x0000000002f92800 Exception <a 'java/lang/NoSuchMethodError': java.lang.Object.lambda$getResponseFunction$0(Lorg/openqa/selenium/remote/InitialHandshakeResponse;)Lorg/openqa/selenium/remote/ProtocolHandshake$Result;> (0x00000000eb81d710) thrown at [C:\re\workspace\8-2-buil
Event: 7.667 Thread 0x0000000002f92800 Exception <a 'java/net/SocketTimeoutException': Read timed out> (0x00000000eb9749f8) thrown at [C:\re\workspace\8-2-build-windows-amd64-cygwin\jdk8u221\13320\hotspot\src\share\vm\prims\jni.cpp, line 736]
Event: 8.805 Thread 0x0000000002f92800 Exception <a 'java/net/SocketTimeoutException': Read timed out> (0x00000000eb993240) thrown at [C:\re\workspace\8-2-build-windows-amd64-cygwin\jdk8u221\13320\hotspot\src\share\vm\prims\jni.cpp, line 736]
Event: 8.816 Thread 0x0000000002f92800 Exception <a 'java/net/SocketTimeoutException': Read timed out> (0x00000000eb9a9bb0) thrown at [C:\re\workspace\8-2-build-windows-amd64-cygwin\jdk8u221\13320\hotspot\src\share\vm\prims\jni.cpp, line 736]
Event: 18.434 Thread 0x0000000002f92800 Exception <a 'java/lang/NoSuchMethodError': java.lang.Object.lambda$static$0(Ljava/time/Duration;)V> (0x00000000eba7d480) thrown at [C:\re\workspace\8-2-build-windows-amd64-cygwin\jdk8u221\13320\hotspot\src\share\vm\interpreter\linkResolver.cpp, line 620]
Event: 21.844 Thread 0x0000000002f92800 Exception <a 'java/lang/NoSuchMethodError': java.lang.Object.lambda$comparingInt$7b0bb60$1(Ljava/util/function/ToIntFunction;Ljava/lang/Object;Ljava/lang/Object;)I> (0x00000000ebad32b0) thrown at [C:\re\workspace\8-2-build-windows-amd64-cygwin\jdk8u221\13
Event: 21.852 Thread 0x0000000002f92800 Exception <a 'java/lang/NoSuchMethodError': java.lang.Object.lambda$comparing$77a9974f$1(Ljava/util/function/Function;Ljava/lang/Object;Ljava/lang/Object;)I> (0x00000000ebafc6a0) thrown at [C:\re\workspace\8-2-build-windows-amd64-cygwin\jdk8u221\13320\hot

Events (10 events):
Event: 21.855 loading class org/openqa/selenium/Proxy$1
Event: 21.855 loading class org/openqa/selenium/Proxy$1 done
Event: 40.594 Executing VM operation: ParallelGCFailedAllocation
Event: 40.603 Executing VM operation: ParallelGCFailedAllocation done
Event: 40.604 Executing VM operation: RevokeBias
Event: 40.604 Executing VM operation: RevokeBias done
Event: 40.604 Executing VM operation: RevokeBias
Event: 40.605 Executing VM operation: RevokeBias done
Event: 40.605 Executing VM operation: RevokeBias
Event: 40.605 Executing VM operation: RevokeBias done


Dynamic libraries:
0x00007ff709910000 - 0x00007ff709947000 	C:\Program Files\Java\jdk1.8.0_221\bin\javaw.exe
0x00007fffb5a20000 - 0x00007fffb5c01000 	C:\Windows\SYSTEM32\ntdll.dll
0x00007fffb4c80000 - 0x00007fffb4d31000 	C:\Windows\System32\KERNEL32.DLL
0x00007fffb1fe0000 - 0x00007fffb2253000 	C:\Windows\System32\KERNELBASE.dll
0x00007fffb3470000 - 0x00007fffb3511000 	C:\Windows\System32\ADVAPI32.dll
0x00007fffb4fd0000 - 0x00007fffb506e000 	C:\Windows\System32\msvcrt.dll
0x00007fffb4d40000 - 0x00007fffb4d9b000 	C:\Windows\System32\sechost.dll
0x00007fffb3520000 - 0x00007fffb3644000 	C:\Windows\System32\RPCRT4.dll
0x00007fffb5280000 - 0x00007fffb5410000 	C:\Windows\System32\USER32.dll
0x00007fffb1f40000 - 0x00007fffb1f60000 	C:\Windows\System32\win32u.dll
0x00007fffb3660000 - 0x00007fffb3688000 	C:\Windows\System32\GDI32.dll
0x00007fffb25f0000 - 0x00007fffb2781000 	C:\Windows\System32\gdi32full.dll
0x00007fffb2260000 - 0x00007fffb22ff000 	C:\Windows\System32\msvcp_win.dll
0x00007fffb2300000 - 0x00007fffb23f8000 	C:\Windows\System32\ucrtbase.dll
0x00007fffa5eb0000 - 0x00007fffa6119000 	C:\Windows\WinSxS\amd64_microsoft.windows.common-controls_6595b64144ccf1df_6.0.17134.1067_none_d401a3eb7c8ebdea\COMCTL32.dll
0x00007fffb5430000 - 0x00007fffb5751000 	C:\Windows\System32\combase.dll
0x00007fffb1f60000 - 0x00007fffb1fd9000 	C:\Windows\System32\bcryptPrimitives.dll
0x00007fffb2fe0000 - 0x00007fffb300d000 	C:\Windows\System32\IMM32.DLL
0x0000000066230000 - 0x0000000066302000 	C:\Program Files\Java\jdk1.8.0_221\jre\bin\msvcr100.dll
0x0000000063050000 - 0x00000000638f5000 	C:\Program Files\Java\jdk1.8.0_221\jre\bin\server\jvm.dll
0x00007fffb3010000 - 0x00007fffb3018000 	C:\Windows\System32\PSAPI.DLL
0x00007fffaeb90000 - 0x00007fffaeb99000 	C:\Windows\SYSTEM32\WSOCK32.dll
0x00007fffb2f70000 - 0x00007fffb2fdc000 	C:\Windows\System32\WS2_32.dll
0x00007fffae540000 - 0x00007fffae563000 	C:\Windows\SYSTEM32\WINMM.dll
0x00007fffac970000 - 0x00007fffac97a000 	C:\Windows\SYSTEM32\VERSION.dll
0x00007fffae510000 - 0x00007fffae53a000 	C:\Windows\SYSTEM32\WINMMBASE.dll
0x00007fffb1ef0000 - 0x00007fffb1f39000 	C:\Windows\System32\cfgmgr32.dll
0x00007fffa9dc0000 - 0x00007fffa9dcf000 	C:\Program Files\Java\jdk1.8.0_221\jre\bin\verify.dll
0x00007fff9b960000 - 0x00007fff9b989000 	C:\Program Files\Java\jdk1.8.0_221\jre\bin\java.dll
0x00007fffa30a0000 - 0x00007fffa30b6000 	C:\Program Files\Java\jdk1.8.0_221\jre\bin\zip.dll
0x00007fffb3690000 - 0x00007fffb4ad4000 	C:\Windows\System32\SHELL32.dll
0x00007fffb4da0000 - 0x00007fffb4e49000 	C:\Windows\System32\shcore.dll
0x00007fffb2790000 - 0x00007fffb2ea0000 	C:\Windows\System32\windows.storage.dll
0x00007fffb2ea0000 - 0x00007fffb2ef1000 	C:\Windows\System32\shlwapi.dll
0x00007fffb1da0000 - 0x00007fffb1db1000 	C:\Windows\System32\kernel.appcore.dll
0x00007fffb1dc0000 - 0x00007fffb1ddf000 	C:\Windows\System32\profapi.dll
0x00007fffb1d20000 - 0x00007fffb1d6c000 	C:\Windows\System32\powrprof.dll
0x00007fffb1d70000 - 0x00007fffb1d7a000 	C:\Windows\System32\FLTLIB.DLL
0x00007fffaebe0000 - 0x00007fffaebfa000 	C:\Program Files\Java\jdk1.8.0_221\jre\bin\net.dll
0x00007ffface70000 - 0x00007fffad03a000 	C:\Windows\SYSTEM32\urlmon.dll
0x00007fffac6c0000 - 0x00007fffac967000 	C:\Windows\SYSTEM32\iertutil.dll
0x00007fffb1770000 - 0x00007fffb177b000 	C:\Windows\SYSTEM32\CRYPTBASE.DLL
0x00007fffb15a0000 - 0x00007fffb1606000 	C:\Windows\system32\mswsock.dll
0x00007fffb1330000 - 0x00007fffb13ee000 	C:\Windows\SYSTEM32\DNSAPI.dll
0x00007fffb3650000 - 0x00007fffb3658000 	C:\Windows\System32\NSI.dll
0x00007fffb12f0000 - 0x00007fffb1328000 	C:\Windows\SYSTEM32\IPHLPAPI.DLL
0x00007fffa6b60000 - 0x00007fffa6b6a000 	C:\Windows\System32\rasadhlp.dll
0x00007fffa7af0000 - 0x00007fffa7b62000 	C:\Windows\System32\fwpuclnt.dll
0x00007fffb1880000 - 0x00007fffb18a5000 	C:\Windows\SYSTEM32\bcrypt.dll
0x00007fffa49d0000 - 0x00007fffa49f4000 	C:\Program Files\Java\jdk1.8.0_221\jre\bin\sunec.dll
0x00007fffaaa50000 - 0x00007fffaaa5b000 	C:\Program Files\Java\jdk1.8.0_221\jre\bin\sunmscapi.dll
0x00007fffb2400000 - 0x00007fffb25e2000 	C:\Windows\System32\CRYPT32.dll
0x00007fffb1d80000 - 0x00007fffb1d92000 	C:\Windows\System32\MSASN1.dll
0x00007fffa85c0000 - 0x00007fffa85d6000 	C:\Windows\SYSTEM32\dhcpcsvc6.DLL
0x00007fffa9060000 - 0x00007fffa907a000 	C:\Windows\SYSTEM32\dhcpcsvc.DLL
0x00007fffaeb70000 - 0x00007fffaeb82000 	C:\Program Files\Java\jdk1.8.0_221\jre\bin\nio.dll
0x00007fffb1750000 - 0x00007fffb1767000 	C:\Windows\SYSTEM32\CRYPTSP.dll
0x00007fffb1150000 - 0x00007fffb1183000 	C:\Windows\system32\rsaenh.dll
0x00007fffb1c20000 - 0x00007fffb1c48000 	C:\Windows\SYSTEM32\USERENV.dll
0x00007fffad070000 - 0x00007fffad086000 	C:\Windows\system32\napinsp.dll
0x00007fffaa0b0000 - 0x00007fffaa0ca000 	C:\Windows\system32\pnrpnsp.dll
0x00007fffaeae0000 - 0x00007fffaeaf9000 	C:\Windows\system32\NLAapi.dll
0x00007fffaa0a0000 - 0x00007fffaa0ae000 	C:\Windows\System32\winrnr.dll

VM Arguments:
jvm_args: -ea -Dfile.encoding=Cp1252 
java_command: org.eclipse.jdt.internal.junit.runner.RemoteTestRunner -version 3 -port 53766 -testLoaderClass org.eclipse.jdt.internal.junit4.runner.JUnit4TestLoader -loaderpluginname org.eclipse.jdt.junit4.runtime -classNames testcases.TestCase1
java_class_path (initial): C:\Users\HP\eclipse-workspace\TestCaseAssignment1\target\test-classes;C:\Users\HP\eclipse-workspace\TestCaseAssignment1\target\classes;C:\Users\HP\.m2\repository\junit\junit\4.12\junit-4.12.jar;C:\Users\HP\.m2\repository\org\hamcrest\hamcrest-core\1.3\hamcrest-core-1.3.jar;C:\Users\HP\.m2\repository\org\seleniumhq\selenium\selenium-java\3.141.59\selenium-java-3.141.59.jar;C:\Users\HP\.m2\repository\org\seleniumhq\selenium\selenium-api\3.141.59\selenium-api-3.141.59.jar;C:\Users\HP\.m2\repository\org\seleniumhq\selenium\selenium-chrome-driver\3.141.59\selenium-chrome-driver-3.141.59.jar;C:\Users\HP\.m2\repository\org\seleniumhq\selenium\selenium-edge-driver\3.141.59\selenium-edge-driver-3.141.59.jar;C:\Users\HP\.m2\repository\org\seleniumhq\selenium\selenium-firefox-driver\3.141.59\selenium-firefox-driver-3.141.59.jar;C:\Users\HP\.m2\repository\org\seleniumhq\selenium\selenium-ie-driver\3.141.59\selenium-ie-driver-3.141.59.jar;C:\Users\HP\.m2\repository\org\seleniumhq\selenium\selenium-opera-driver\3.141.59\selenium-opera-driver-3.141.59.jar;C:\Users\HP\.m2\repository\org\seleniumhq\selenium\selenium-remote-driver\3.141.59\selenium-remote-driver-3.141.59.jar;C:\Users\HP\.m2\repository\org\seleniumhq\selenium\selenium-safari-driver\3.141.59\selenium-safari-driver-3.141.59.jar;C:\Users\HP\.m2\repository\org\seleniumhq\selenium\selenium-support\3.141.59\selenium-support-3.141.59.jar;C:\Users\HP\.m2\repository\net\bytebuddy\byte-buddy\1.8.15\byte-buddy-1.8.15.jar;C:\Users\HP\.m2\repository\org\apache\commons\commons-exec\1.3\commons-exec-1.3.jar;C:\Users\HP\.m2\repository\com\google\guava\guava\25.0-jre\guava-25.0-jre.jar;C:\Users\HP\.m2\repository\com\google\code\findbugs\jsr305\1.3.9\jsr305-1.3.9.jar;C:\Users\HP\.m2\repository\org\checkerframework\checker-compat-qual\2.0.0\checker-compat-qual-2.0.0.jar;C:\Users\HP\.m2\repository\com\google\errorprone\error_prone_annotations\2.1.3\error_prone_annotations-2.1.3.jar;C:\Users\HP\.m2\repository\
Launcher Type: SUN_STANDARD

Environment Variables:
JAVA_HOME=C:\Program Files\Java\jdk1.8.0_221
PATH=C:/Program Files/Java/jdk1.8.0_221/bin/../jre/bin/server;C:/Program Files/Java/jdk1.8.0_221/bin/../jre/bin;C:/Program Files/Java/jdk1.8.0_221/bin/../jre/lib/amd64;C:\Program Files\Java\jdk1.8.0_221\bin;C:\WINDOWS\system64;C:\WINDOWS;C:/WINDOWS\System64\Wbem;C:/WINDOWS\system64\WindowsPowerShell\v1.0;C:\Program Files\apache-maven-3.6.3\bin;C:\Program Files\Git\cmd;C:\Users\HP\AppData\Local\Microsoft\WindowsApps;C:\Users\HP\Downloads;;C:\Users\HP\AppData\Local\Programs\Microsoft VS Code\bin;C:\Users\HP\Desktop;
USERNAME=HP
OS=Windows_NT
PROCESSOR_IDENTIFIER=Intel64 Family 6 Model 69 Stepping 1, GenuineIntel



---------------  S Y S T E M  ---------------

OS: Windows 10.0 , 64 bit Build 17134 (10.0.17134.753)

CPU:total 4 (initial active 4) (2 cores per cpu, 2 threads per core) family 6 model 69 stepping 1, cmov, cx8, fxsr, mmx, sse, sse2, sse3, ssse3, sse4.1, sse4.2, popcnt, avx, avx2, aes, clmul, erms, lzcnt, ht, tsc, tscinvbit, bmi1, bmi2

Memory: 4k page, physical 4127020k(409676k free), swap 16709932k(560k free)

vm_info: Java HotSpot(TM) 64-Bit Server VM (25.221-b11) for windows-amd64 JRE (1.8.0_221-b11), built on Jul  4 2019 04:39:29 by "java_re" with MS VC++ 10.0 (VS2010)

time: Fri Sep 11 23:38:07 2020
timezone: India Standard Time
elapsed time: 45 seconds (0d 0h 0m 45s)

